0 info it worked if it ends with ok
1 verbose cli [ '/usr/local/Cellar/node/7.5.0/bin/node',
1 verbose cli   '/usr/local/bin/npm',
1 verbose cli   'install',
1 verbose cli   'css-loader@9.23.1',
1 verbose cli   'script-loader@0.6.1',
1 verbose cli   'style-loader@0.13.0',
1 verbose cli   'jquery@2.2.1',
1 verbose cli   'foundation-sites@6.2.0',
1 verbose cli   '--save-dev' ]
2 info using npm@4.1.2
3 info using node@v7.5.0
4 silly loadCurrentTree Starting
5 silly install loadCurrentTree
6 silly install readLocalPackageData
7 silly fetchPackageMetaData css-loader@9.23.1
8 silly fetchPackageMetaData script-loader@0.6.1
9 silly fetchPackageMetaData style-loader@0.13.0
10 silly fetchPackageMetaData jquery@2.2.1
11 silly fetchPackageMetaData foundation-sites@6.2.0
12 silly fetchNamedPackageData css-loader
13 silly mapToRegistry name css-loader
14 silly mapToRegistry using default registry
15 silly mapToRegistry registry https://registry.npmjs.org/
16 silly mapToRegistry data Result {
16 silly mapToRegistry   raw: 'css-loader',
16 silly mapToRegistry   scope: null,
16 silly mapToRegistry   escapedName: 'css-loader',
16 silly mapToRegistry   name: 'css-loader',
16 silly mapToRegistry   rawSpec: '',
16 silly mapToRegistry   spec: 'latest',
16 silly mapToRegistry   type: 'tag' }
17 silly mapToRegistry uri https://registry.npmjs.org/css-loader
18 silly fetchNamedPackageData script-loader
19 silly mapToRegistry name script-loader
20 silly mapToRegistry using default registry
21 silly mapToRegistry registry https://registry.npmjs.org/
22 silly mapToRegistry data Result {
22 silly mapToRegistry   raw: 'script-loader',
22 silly mapToRegistry   scope: null,
22 silly mapToRegistry   escapedName: 'script-loader',
22 silly mapToRegistry   name: 'script-loader',
22 silly mapToRegistry   rawSpec: '',
22 silly mapToRegistry   spec: 'latest',
22 silly mapToRegistry   type: 'tag' }
23 silly mapToRegistry uri https://registry.npmjs.org/script-loader
24 silly fetchNamedPackageData style-loader
25 silly mapToRegistry name style-loader
26 silly mapToRegistry using default registry
27 silly mapToRegistry registry https://registry.npmjs.org/
28 silly mapToRegistry data Result {
28 silly mapToRegistry   raw: 'style-loader',
28 silly mapToRegistry   scope: null,
28 silly mapToRegistry   escapedName: 'style-loader',
28 silly mapToRegistry   name: 'style-loader',
28 silly mapToRegistry   rawSpec: '',
28 silly mapToRegistry   spec: 'latest',
28 silly mapToRegistry   type: 'tag' }
29 silly mapToRegistry uri https://registry.npmjs.org/style-loader
30 silly fetchNamedPackageData jquery
31 silly mapToRegistry name jquery
32 silly mapToRegistry using default registry
33 silly mapToRegistry registry https://registry.npmjs.org/
34 silly mapToRegistry data Result {
34 silly mapToRegistry   raw: 'jquery',
34 silly mapToRegistry   scope: null,
34 silly mapToRegistry   escapedName: 'jquery',
34 silly mapToRegistry   name: 'jquery',
34 silly mapToRegistry   rawSpec: '',
34 silly mapToRegistry   spec: 'latest',
34 silly mapToRegistry   type: 'tag' }
35 silly mapToRegistry uri https://registry.npmjs.org/jquery
36 silly fetchNamedPackageData foundation-sites
37 silly mapToRegistry name foundation-sites
38 silly mapToRegistry using default registry
39 silly mapToRegistry registry https://registry.npmjs.org/
40 silly mapToRegistry data Result {
40 silly mapToRegistry   raw: 'foundation-sites',
40 silly mapToRegistry   scope: null,
40 silly mapToRegistry   escapedName: 'foundation-sites',
40 silly mapToRegistry   name: 'foundation-sites',
40 silly mapToRegistry   rawSpec: '',
40 silly mapToRegistry   spec: 'latest',
40 silly mapToRegistry   type: 'tag' }
41 silly mapToRegistry uri https://registry.npmjs.org/foundation-sites
42 verbose request uri https://registry.npmjs.org/script-loader
43 verbose request no auth needed
44 info attempt registry request try #1 at 1:18:40 PM
45 verbose request id dd8d1b3848eb8869
46 http request GET https://registry.npmjs.org/script-loader
47 verbose request uri https://registry.npmjs.org/foundation-sites
48 verbose request no auth needed
49 info attempt registry request try #1 at 1:18:41 PM
50 http request GET https://registry.npmjs.org/foundation-sites
51 verbose request uri https://registry.npmjs.org/jquery
52 verbose request no auth needed
53 info attempt registry request try #1 at 1:18:41 PM
54 verbose etag W/"58bae366-1492d"
55 verbose lastModified Sat, 04 Mar 2017 15:55:18 GMT
56 http request GET https://registry.npmjs.org/jquery
57 verbose request uri https://registry.npmjs.org/css-loader
58 verbose request no auth needed
59 info attempt registry request try #1 at 1:18:41 PM
60 verbose etag W/"58c260c1-193f3"
61 verbose lastModified Fri, 10 Mar 2017 08:16:01 GMT
62 http request GET https://registry.npmjs.org/css-loader
63 verbose request uri https://registry.npmjs.org/style-loader
64 verbose request no auth needed
65 info attempt registry request try #1 at 1:18:41 PM
66 verbose etag W/"58bece5a-9100"
67 verbose lastModified Tue, 07 Mar 2017 15:14:34 GMT
68 http request GET https://registry.npmjs.org/style-loader
69 http 200 https://registry.npmjs.org/script-loader
70 verbose headers { server: 'nginx/1.10.1',
70 verbose headers   'content-type': 'application/json',
70 verbose headers   'last-modified': 'Sat, 01 Apr 2017 18:29:44 GMT',
70 verbose headers   etag: 'W/"58dff198-2b00"',
70 verbose headers   'content-encoding': 'gzip',
70 verbose headers   'cache-control': 'max-age=300',
70 verbose headers   'content-length': '1995',
70 verbose headers   'accept-ranges': 'bytes',
70 verbose headers   date: 'Mon, 01 May 2017 20:18:41 GMT',
70 verbose headers   via: '1.1 varnish',
70 verbose headers   age: '117',
70 verbose headers   connection: 'keep-alive',
70 verbose headers   'x-served-by': 'cache-lax8624-LAX',
70 verbose headers   'x-cache': 'HIT',
70 verbose headers   'x-cache-hits': '1',
70 verbose headers   'x-timer': 'S1493669921.155263,VS0,VE1',
70 verbose headers   vary: 'Accept-Encoding' }
71 silly get cb [ 200,
71 silly get   { server: 'nginx/1.10.1',
71 silly get     'content-type': 'application/json',
71 silly get     'last-modified': 'Sat, 01 Apr 2017 18:29:44 GMT',
71 silly get     etag: 'W/"58dff198-2b00"',
71 silly get     'content-encoding': 'gzip',
71 silly get     'cache-control': 'max-age=300',
71 silly get     'content-length': '1995',
71 silly get     'accept-ranges': 'bytes',
71 silly get     date: 'Mon, 01 May 2017 20:18:41 GMT',
71 silly get     via: '1.1 varnish',
71 silly get     age: '117',
71 silly get     connection: 'keep-alive',
71 silly get     'x-served-by': 'cache-lax8624-LAX',
71 silly get     'x-cache': 'HIT',
71 silly get     'x-cache-hits': '1',
71 silly get     'x-timer': 'S1493669921.155263,VS0,VE1',
71 silly get     vary: 'Accept-Encoding' } ]
72 verbose get saving script-loader to /Users/rs/.npm/registry.npmjs.org/script-loader/.cache.json
73 verbose correctMkdir /Users/rs/.npm correctMkdir not in flight; initializing
74 http 200 https://registry.npmjs.org/style-loader
75 verbose headers { server: 'nginx/1.10.3',
75 verbose headers   'content-type': 'application/json',
75 verbose headers   'last-modified': 'Mon, 01 May 2017 18:52:25 GMT',
75 verbose headers   etag: 'W/"590783e9-d160"',
75 verbose headers   'content-encoding': 'gzip',
75 verbose headers   'cache-control': 'max-age=300',
75 verbose headers   'content-length': '8455',
75 verbose headers   'accept-ranges': 'bytes',
75 verbose headers   date: 'Mon, 01 May 2017 20:18:41 GMT',
75 verbose headers   via: '1.1 varnish',
75 verbose headers   age: '150',
75 verbose headers   connection: 'keep-alive',
75 verbose headers   'x-served-by': 'cache-lax8623-LAX',
75 verbose headers   'x-cache': 'HIT',
75 verbose headers   'x-cache-hits': '1',
75 verbose headers   'x-timer': 'S1493669921.154966,VS0,VE1',
75 verbose headers   vary: 'Accept-Encoding' }
76 silly get cb [ 200,
76 silly get   { server: 'nginx/1.10.3',
76 silly get     'content-type': 'application/json',
76 silly get     'last-modified': 'Mon, 01 May 2017 18:52:25 GMT',
76 silly get     etag: 'W/"590783e9-d160"',
76 silly get     'content-encoding': 'gzip',
76 silly get     'cache-control': 'max-age=300',
76 silly get     'content-length': '8455',
76 silly get     'accept-ranges': 'bytes',
76 silly get     date: 'Mon, 01 May 2017 20:18:41 GMT',
76 silly get     via: '1.1 varnish',
76 silly get     age: '150',
76 silly get     connection: 'keep-alive',
76 silly get     'x-served-by': 'cache-lax8623-LAX',
76 silly get     'x-cache': 'HIT',
76 silly get     'x-cache-hits': '1',
76 silly get     'x-timer': 'S1493669921.154966,VS0,VE1',
76 silly get     vary: 'Accept-Encoding' } ]
77 verbose get saving style-loader to /Users/rs/.npm/registry.npmjs.org/style-loader/.cache.json
78 verbose correctMkdir /Users/rs/.npm correctMkdir not in flight; initializing
79 http 200 https://registry.npmjs.org/jquery
80 verbose headers { server: 'nginx/1.10.1',
80 verbose headers   'content-type': 'application/json',
80 verbose headers   'last-modified': 'Sun, 23 Apr 2017 10:57:14 GMT',
80 verbose headers   etag: 'W/"58fc888a-15f95"',
80 verbose headers   'content-encoding': 'gzip',
80 verbose headers   'cache-control': 'max-age=300',
80 verbose headers   'content-length': '10576',
80 verbose headers   'accept-ranges': 'bytes',
80 verbose headers   date: 'Mon, 01 May 2017 20:18:41 GMT',
80 verbose headers   via: '1.1 varnish',
80 verbose headers   age: '148',
80 verbose headers   connection: 'keep-alive',
80 verbose headers   'x-served-by': 'cache-lax8631-LAX',
80 verbose headers   'x-cache': 'HIT',
80 verbose headers   'x-cache-hits': '2',
80 verbose headers   'x-timer': 'S1493669921.155002,VS0,VE0',
80 verbose headers   vary: 'Accept-Encoding' }
81 silly get cb [ 200,
81 silly get   { server: 'nginx/1.10.1',
81 silly get     'content-type': 'application/json',
81 silly get     'last-modified': 'Sun, 23 Apr 2017 10:57:14 GMT',
81 silly get     etag: 'W/"58fc888a-15f95"',
81 silly get     'content-encoding': 'gzip',
81 silly get     'cache-control': 'max-age=300',
81 silly get     'content-length': '10576',
81 silly get     'accept-ranges': 'bytes',
81 silly get     date: 'Mon, 01 May 2017 20:18:41 GMT',
81 silly get     via: '1.1 varnish',
81 silly get     age: '148',
81 silly get     connection: 'keep-alive',
81 silly get     'x-served-by': 'cache-lax8631-LAX',
81 silly get     'x-cache': 'HIT',
81 silly get     'x-cache-hits': '2',
81 silly get     'x-timer': 'S1493669921.155002,VS0,VE0',
81 silly get     vary: 'Accept-Encoding' } ]
82 verbose get saving jquery to /Users/rs/.npm/registry.npmjs.org/jquery/.cache.json
83 verbose correctMkdir /Users/rs/.npm correctMkdir not in flight; initializing
84 http 200 https://registry.npmjs.org/foundation-sites
85 verbose headers { server: 'nginx/1.10.3',
85 verbose headers   'content-type': 'application/json',
85 verbose headers   'last-modified': 'Tue, 28 Feb 2017 19:24:59 GMT',
85 verbose headers   etag: 'W/"58b5ce8b-1788f"',
85 verbose headers   'content-encoding': 'gzip',
85 verbose headers   'cache-control': 'max-age=300',
85 verbose headers   'content-length': '8242',
85 verbose headers   'accept-ranges': 'bytes',
85 verbose headers   date: 'Mon, 01 May 2017 20:18:41 GMT',
85 verbose headers   via: '1.1 varnish',
85 verbose headers   age: '203',
85 verbose headers   connection: 'keep-alive',
85 verbose headers   'x-served-by': 'cache-lax8632-LAX',
85 verbose headers   'x-cache': 'HIT',
85 verbose headers   'x-cache-hits': '1',
85 verbose headers   'x-timer': 'S1493669921.155350,VS0,VE1',
85 verbose headers   vary: 'Accept-Encoding' }
86 silly get cb [ 200,
86 silly get   { server: 'nginx/1.10.3',
86 silly get     'content-type': 'application/json',
86 silly get     'last-modified': 'Tue, 28 Feb 2017 19:24:59 GMT',
86 silly get     etag: 'W/"58b5ce8b-1788f"',
86 silly get     'content-encoding': 'gzip',
86 silly get     'cache-control': 'max-age=300',
86 silly get     'content-length': '8242',
86 silly get     'accept-ranges': 'bytes',
86 silly get     date: 'Mon, 01 May 2017 20:18:41 GMT',
86 silly get     via: '1.1 varnish',
86 silly get     age: '203',
86 silly get     connection: 'keep-alive',
86 silly get     'x-served-by': 'cache-lax8632-LAX',
86 silly get     'x-cache': 'HIT',
86 silly get     'x-cache-hits': '1',
86 silly get     'x-timer': 'S1493669921.155350,VS0,VE1',
86 silly get     vary: 'Accept-Encoding' } ]
87 verbose get saving foundation-sites to /Users/rs/.npm/registry.npmjs.org/foundation-sites/.cache.json
88 verbose correctMkdir /Users/rs/.npm correctMkdir not in flight; initializing
89 http 200 https://registry.npmjs.org/css-loader
90 verbose headers { server: 'nginx/1.10.3',
90 verbose headers   'content-type': 'application/json',
90 verbose headers   'last-modified': 'Sun, 23 Apr 2017 09:11:53 GMT',
90 verbose headers   etag: 'W/"58fc6fd9-1b31e"',
90 verbose headers   'content-encoding': 'gzip',
90 verbose headers   'cache-control': 'max-age=300',
90 verbose headers   'content-length': '13446',
90 verbose headers   'accept-ranges': 'bytes',
90 verbose headers   date: 'Mon, 01 May 2017 20:18:41 GMT',
90 verbose headers   via: '1.1 varnish',
90 verbose headers   age: '21',
90 verbose headers   connection: 'keep-alive',
90 verbose headers   'x-served-by': 'cache-lax8620-LAX',
90 verbose headers   'x-cache': 'HIT',
90 verbose headers   'x-cache-hits': '1',
90 verbose headers   'x-timer': 'S1493669921.149026,VS0,VE1',
90 verbose headers   vary: 'Accept-Encoding' }
91 silly get cb [ 200,
91 silly get   { server: 'nginx/1.10.3',
91 silly get     'content-type': 'application/json',
91 silly get     'last-modified': 'Sun, 23 Apr 2017 09:11:53 GMT',
91 silly get     etag: 'W/"58fc6fd9-1b31e"',
91 silly get     'content-encoding': 'gzip',
91 silly get     'cache-control': 'max-age=300',
91 silly get     'content-length': '13446',
91 silly get     'accept-ranges': 'bytes',
91 silly get     date: 'Mon, 01 May 2017 20:18:41 GMT',
91 silly get     via: '1.1 varnish',
91 silly get     age: '21',
91 silly get     connection: 'keep-alive',
91 silly get     'x-served-by': 'cache-lax8620-LAX',
91 silly get     'x-cache': 'HIT',
91 silly get     'x-cache-hits': '1',
91 silly get     'x-timer': 'S1493669921.149026,VS0,VE1',
91 silly get     vary: 'Accept-Encoding' } ]
92 verbose get saving css-loader to /Users/rs/.npm/registry.npmjs.org/css-loader/.cache.json
93 verbose correctMkdir /Users/rs/.npm correctMkdir not in flight; initializing
94 silly pickManifestFromRegistryMetadata spec 0.6.1 tag latest versions [ '0.1.1',
94 silly pickManifestFromRegistryMetadata   '0.1.2',
94 silly pickManifestFromRegistryMetadata   '0.2.0',
94 silly pickManifestFromRegistryMetadata   '0.3.0',
94 silly pickManifestFromRegistryMetadata   '0.2.1',
94 silly pickManifestFromRegistryMetadata   '0.3.1',
94 silly pickManifestFromRegistryMetadata   '0.5.0',
94 silly pickManifestFromRegistryMetadata   '0.5.1',
94 silly pickManifestFromRegistryMetadata   '0.5.2',
94 silly pickManifestFromRegistryMetadata   '0.6.0',
94 silly pickManifestFromRegistryMetadata   '0.6.1',
94 silly pickManifestFromRegistryMetadata   '0.7.0' ]
95 silly pickManifestFromRegistryMetadata spec 2.2.1 tag latest versions [ '1.5.1',
95 silly pickManifestFromRegistryMetadata   '1.6.2',
95 silly pickManifestFromRegistryMetadata   '1.6.3',
95 silly pickManifestFromRegistryMetadata   '1.7.2',
95 silly pickManifestFromRegistryMetadata   '1.7.3',
95 silly pickManifestFromRegistryMetadata   '1.8.2',
95 silly pickManifestFromRegistryMetadata   '1.8.3',
95 silly pickManifestFromRegistryMetadata   '2.1.0-beta2',
95 silly pickManifestFromRegistryMetadata   '2.1.0-beta3',
95 silly pickManifestFromRegistryMetadata   '1.11.0-beta3',
95 silly pickManifestFromRegistryMetadata   '1.11.0-rc1',
95 silly pickManifestFromRegistryMetadata   '2.1.0-rc1',
95 silly pickManifestFromRegistryMetadata   '1.11.0',
95 silly pickManifestFromRegistryMetadata   '2.1.0',
95 silly pickManifestFromRegistryMetadata   '2.1.1-beta1',
95 silly pickManifestFromRegistryMetadata   '1.11.1-beta1',
95 silly pickManifestFromRegistryMetadata   '2.1.1-rc1',
95 silly pickManifestFromRegistryMetadata   '1.11.1-rc1',
95 silly pickManifestFromRegistryMetadata   '2.1.1-rc2',
95 silly pickManifestFromRegistryMetadata   '1.11.1-rc2',
95 silly pickManifestFromRegistryMetadata   '2.1.1',
95 silly pickManifestFromRegistryMetadata   '1.11.1',
95 silly pickManifestFromRegistryMetadata   '1.9.1',
95 silly pickManifestFromRegistryMetadata   '2.1.2',
95 silly pickManifestFromRegistryMetadata   '1.11.2',
95 silly pickManifestFromRegistryMetadata   '2.1.3',
95 silly pickManifestFromRegistryMetadata   '2.1.4',
95 silly pickManifestFromRegistryMetadata   '1.11.3',
95 silly pickManifestFromRegistryMetadata   '3.0.0-alpha1',
95 silly pickManifestFromRegistryMetadata   '1.12.0',
95 silly pickManifestFromRegistryMetadata   '2.2.0',
95 silly pickManifestFromRegistryMetadata   '3.0.0-beta1',
95 silly pickManifestFromRegistryMetadata   '1.12.1',
95 silly pickManifestFromRegistryMetadata   '2.2.1',
95 silly pickManifestFromRegistryMetadata   '1.12.2',
95 silly pickManifestFromRegistryMetadata   '2.2.2',
95 silly pickManifestFromRegistryMetadata   '1.12.3',
95 silly pickManifestFromRegistryMetadata   '2.2.3',
95 silly pickManifestFromRegistryMetadata   '1.12.4',
95 silly pickManifestFromRegistryMetadata   '2.2.4',
95 silly pickManifestFromRegistryMetadata   '3.0.0-rc1',
95 silly pickManifestFromRegistryMetadata   '3.0.0',
95 silly pickManifestFromRegistryMetadata   '3.1.0',
95 silly pickManifestFromRegistryMetadata   '3.1.1',
95 silly pickManifestFromRegistryMetadata   '3.2.0',
95 silly pickManifestFromRegistryMetadata   '3.2.1' ]
96 silly pickManifestFromRegistryMetadata spec 0.13.0 tag latest versions [ '0.1.0',
96 silly pickManifestFromRegistryMetadata   '0.1.1',
96 silly pickManifestFromRegistryMetadata   '0.1.2',
96 silly pickManifestFromRegistryMetadata   '0.1.3',
96 silly pickManifestFromRegistryMetadata   '0.2.0',
96 silly pickManifestFromRegistryMetadata   '0.2.1',
96 silly pickManifestFromRegistryMetadata   '0.5.0',
96 silly pickManifestFromRegistryMetadata   '0.5.1',
96 silly pickManifestFromRegistryMetadata   '0.5.2',
96 silly pickManifestFromRegistryMetadata   '0.6.0',
96 silly pickManifestFromRegistryMetadata   '0.6.1',
96 silly pickManifestFromRegistryMetadata   '0.6.2',
96 silly pickManifestFromRegistryMetadata   '0.6.3',
96 silly pickManifestFromRegistryMetadata   '0.6.4',
96 silly pickManifestFromRegistryMetadata   '0.6.5',
96 silly pickManifestFromRegistryMetadata   '0.7.0',
96 silly pickManifestFromRegistryMetadata   '0.7.1',
96 silly pickManifestFromRegistryMetadata   '0.8.0',
96 silly pickManifestFromRegistryMetadata   '0.8.1',
96 silly pickManifestFromRegistryMetadata   '0.8.2',
96 silly pickManifestFromRegistryMetadata   '0.8.3',
96 silly pickManifestFromRegistryMetadata   '0.9.0',
96 silly pickManifestFromRegistryMetadata   '0.10.0',
96 silly pickManifestFromRegistryMetadata   '0.10.1',
96 silly pickManifestFromRegistryMetadata   '0.10.2',
96 silly pickManifestFromRegistryMetadata   '0.11.0',
96 silly pickManifestFromRegistryMetadata   '0.12.0',
96 silly pickManifestFromRegistryMetadata   '0.12.1',
96 silly pickManifestFromRegistryMetadata   '0.12.2',
96 silly pickManifestFromRegistryMetadata   '0.12.3',
96 silly pickManifestFromRegistryMetadata   '0.12.4',
96 silly pickManifestFromRegistryMetadata   '0.13.0',
96 silly pickManifestFromRegistryMetadata   '0.13.1',
96 silly pickManifestFromRegistryMetadata   '0.13.2',
96 silly pickManifestFromRegistryMetadata   '0.14.0',
96 silly pickManifestFromRegistryMetadata   '0.14.1',
96 silly pickManifestFromRegistryMetadata   '0.15.0',
96 silly pickManifestFromRegistryMetadata   '0.16.0',
96 silly pickManifestFromRegistryMetadata   '0.16.1',
96 silly pickManifestFromRegistryMetadata   '0.17.0' ]
97 silly pickManifestFromRegistryMetadata spec 6.2.0 tag latest versions [ '5.5.2',
97 silly pickManifestFromRegistryMetadata   '5.5.3',
97 silly pickManifestFromRegistryMetadata   '6.0.0-alpha.1',
97 silly pickManifestFromRegistryMetadata   '6.0.0-alpha.2',
97 silly pickManifestFromRegistryMetadata   '6.0.0',
97 silly pickManifestFromRegistryMetadata   '6.0.1',
97 silly pickManifestFromRegistryMetadata   '6.0.2',
97 silly pickManifestFromRegistryMetadata   '6.0.3',
97 silly pickManifestFromRegistryMetadata   '6.0.4',
97 silly pickManifestFromRegistryMetadata   '6.0.5',
97 silly pickManifestFromRegistryMetadata   '6.0.6',
97 silly pickManifestFromRegistryMetadata   '6.1.0',
97 silly pickManifestFromRegistryMetadata   '6.1.1',
97 silly pickManifestFromRegistryMetadata   '6.1.2',
97 silly pickManifestFromRegistryMetadata   '6.2.0-rc.1',
97 silly pickManifestFromRegistryMetadata   '6.2.0',
97 silly pickManifestFromRegistryMetadata   '6.2.1',
97 silly pickManifestFromRegistryMetadata   '6.2.2-rc1',
97 silly pickManifestFromRegistryMetadata   '6.2.2-rc2',
97 silly pickManifestFromRegistryMetadata   '6.2.2-0',
97 silly pickManifestFromRegistryMetadata   '6.2.3',
97 silly pickManifestFromRegistryMetadata   '6.2.4-rc1',
97 silly pickManifestFromRegistryMetadata   '6.2.4-rc2',
97 silly pickManifestFromRegistryMetadata   '6.2.4',
97 silly pickManifestFromRegistryMetadata   '6.3.0-rc1',
97 silly pickManifestFromRegistryMetadata   '6.3.0-rc2',
97 silly pickManifestFromRegistryMetadata   '6.3.0-rc3',
97 silly pickManifestFromRegistryMetadata   '6.3.0',
97 silly pickManifestFromRegistryMetadata   '6.3.1-rc1',
97 silly pickManifestFromRegistryMetadata   '6.3.1' ]
98 silly pickManifestFromRegistryMetadata spec 9.23.1 tag latest versions [ '0.1.0',
98 silly pickManifestFromRegistryMetadata   '0.1.1',
98 silly pickManifestFromRegistryMetadata   '0.1.2',
98 silly pickManifestFromRegistryMetadata   '0.2.0',
98 silly pickManifestFromRegistryMetadata   '0.2.1',
98 silly pickManifestFromRegistryMetadata   '0.2.2',
98 silly pickManifestFromRegistryMetadata   '0.2.3',
98 silly pickManifestFromRegistryMetadata   '0.2.4',
98 silly pickManifestFromRegistryMetadata   '0.5.0',
98 silly pickManifestFromRegistryMetadata   '0.5.1',
98 silly pickManifestFromRegistryMetadata   '0.5.2',
98 silly pickManifestFromRegistryMetadata   '0.6.0',
98 silly pickManifestFromRegistryMetadata   '0.6.1',
98 silly pickManifestFromRegistryMetadata   '0.6.2',
98 silly pickManifestFromRegistryMetadata   '0.6.3',
98 silly pickManifestFromRegistryMetadata   '0.6.4',
98 silly pickManifestFromRegistryMetadata   '0.6.5',
98 silly pickManifestFromRegistryMetadata   '0.6.6',
98 silly pickManifestFromRegistryMetadata   '0.6.7',
98 silly pickManifestFromRegistryMetadata   '0.6.8',
98 silly pickManifestFromRegistryMetadata   '0.6.9',
98 silly pickManifestFromRegistryMetadata   '0.6.10',
98 silly pickManifestFromRegistryMetadata   '0.6.11',
98 silly pickManifestFromRegistryMetadata   '0.6.12',
98 silly pickManifestFromRegistryMetadata   '0.7.0',
98 silly pickManifestFromRegistryMetadata   '0.7.1',
98 silly pickManifestFromRegistryMetadata   '0.8.0',
98 silly pickManifestFromRegistryMetadata   '0.9.0',
98 silly pickManifestFromRegistryMetadata   '0.9.1',
98 silly pickManifestFromRegistryMetadata   '0.10.0',
98 silly pickManifestFromRegistryMetadata   '0.10.1',
98 silly pickManifestFromRegistryMetadata   '0.11.0',
98 silly pickManifestFromRegistryMetadata   '0.11.1',
98 silly pickManifestFromRegistryMetadata   '0.11.2',
98 silly pickManifestFromRegistryMetadata   '0.12.0',
98 silly pickManifestFromRegistryMetadata   '0.12.1',
98 silly pickManifestFromRegistryMetadata   '0.13.0',
98 silly pickManifestFromRegistryMetadata   '0.13.1',
98 silly pickManifestFromRegistryMetadata   '0.14.0',
98 silly pickManifestFromRegistryMetadata   '0.14.1',
98 silly pickManifestFromRegistryMetadata   '0.14.2',
98 silly pickManifestFromRegistryMetadata   '0.14.3',
98 silly pickManifestFromRegistryMetadata   '0.14.4',
98 silly pickManifestFromRegistryMetadata   '0.14.5',
98 silly pickManifestFromRegistryMetadata   '0.15.0',
98 silly pickManifestFromRegistryMetadata   '0.15.1',
98 silly pickManifestFromRegistryMetadata   '0.15.2',
98 silly pickManifestFromRegistryMetadata   '0.15.3',
98 silly pickManifestFromRegistryMetadata   '0.15.4',
98 silly pickManifestFromRegistryMetadata   '0.15.5',
98 silly pickManifestFromRegistryMetadata   '0.15.6',
98 silly pickManifestFromRegistryMetadata   '0.16.0',
98 silly pickManifestFromRegistryMetadata   '0.17.0',
98 silly pickManifestFromRegistryMetadata   '0.18.0',
98 silly pickManifestFromRegistryMetadata   '0.19.0',
98 silly pickManifestFromRegistryMetadata   '0.20.0',
98 silly pickManifestFromRegistryMetadata   '0.20.1',
98 silly pickManifestFromRegistryMetadata   '0.20.2',
98 silly pickManifestFromRegistryMetadata   '0.21.0',
98 silly pickManifestFromRegistryMetadata   '0.22.0',
98 silly pickManifestFromRegistryMetadata   '0.23.0',
98 silly pickManifestFromRegistryMetadata   '0.23.1',
98 silly pickManifestFromRegistryMetadata   '0.24.0',
98 silly pickManifestFromRegistryMetadata   '0.25.0',
98 silly pickManifestFromRegistryMetadata   '0.26.0',
98 silly pickManifestFromRegistryMetadata   '0.26.1',
98 silly pickManifestFromRegistryMetadata   '0.26.2',
98 silly pickManifestFromRegistryMetadata   '0.26.4',
98 silly pickManifestFromRegistryMetadata   '0.27.0',
98 silly pickManifestFromRegistryMetadata   '0.27.1',
98 silly pickManifestFromRegistryMetadata   '0.27.2',
98 silly pickManifestFromRegistryMetadata   '0.27.3',
98 silly pickManifestFromRegistryMetadata   '0.28.0' ]
99 silly fetchPackageMetaData Error: No compatible version found: css-loader@9.23.1
99 silly fetchPackageMetaData Valid install targets:
99 silly fetchPackageMetaData 0.1.0, 0.1.1, 0.1.2, 0.2.0, 0.2.1, 0.2.2, 0.2.3, 0.2.4, 0.5.0, 0.5.1, 0.5.2, 0.6.0, 0.6.1, 0.6.2, 0.6.3, 0.6.4, 0.6.5, 0.6.6, 0.6.7, 0.6.8, 0.6.9, 0.6.10, 0.6.11, 0.6.12, 0.7.0, 0.7.1, 0.8.0, 0.9.0, 0.9.1, 0.10.0, 0.10.1, 0.11.0, 0.11.1, 0.11.2, 0.12.0, 0.12.1, 0.13.0, 0.13.1, 0.14.0, 0.14.1, 0.14.2, 0.14.3, 0.14.4, 0.14.5, 0.15.0, 0.15.1, 0.15.2, 0.15.3, 0.15.4, 0.15.5, 0.15.6, 0.16.0, 0.17.0, 0.18.0, 0.19.0, 0.20.0, 0.20.1, 0.20.2, 0.21.0, 0.22.0, 0.23.0, 0.23.1, 0.24.0, 0.25.0, 0.26.0, 0.26.1, 0.26.2, 0.26.4, 0.27.0, 0.27.1, 0.27.2, 0.27.3, 0.28.0
99 silly fetchPackageMetaData
99 silly fetchPackageMetaData     at pickVersionFromRegistryDocument (/usr/local/lib/node_modules/npm/lib/fetch-package-metadata.js:158:16)
99 silly fetchPackageMetaData     at /usr/local/lib/node_modules/npm/node_modules/iferr/index.js:13:50
99 silly fetchPackageMetaData     at /usr/local/lib/node_modules/npm/lib/utils/pulse-till-done.js:20:8
99 silly fetchPackageMetaData     at saved (/usr/local/lib/node_modules/npm/lib/cache/caching-client.js:174:7)
99 silly fetchPackageMetaData     at /usr/local/lib/node_modules/npm/node_modules/graceful-fs/polyfills.js:261:18
99 silly fetchPackageMetaData     at FSReqWrap.oncomplete (fs.js:112:15)
99 silly fetchPackageMetaData  error for css-loader@9.23.1 { Error: No compatible version found: css-loader@9.23.1
99 silly fetchPackageMetaData Valid install targets:
99 silly fetchPackageMetaData 0.1.0, 0.1.1, 0.1.2, 0.2.0, 0.2.1, 0.2.2, 0.2.3, 0.2.4, 0.5.0, 0.5.1, 0.5.2, 0.6.0, 0.6.1, 0.6.2, 0.6.3, 0.6.4, 0.6.5, 0.6.6, 0.6.7, 0.6.8, 0.6.9, 0.6.10, 0.6.11, 0.6.12, 0.7.0, 0.7.1, 0.8.0, 0.9.0, 0.9.1, 0.10.0, 0.10.1, 0.11.0, 0.11.1, 0.11.2, 0.12.0, 0.12.1, 0.13.0, 0.13.1, 0.14.0, 0.14.1, 0.14.2, 0.14.3, 0.14.4, 0.14.5, 0.15.0, 0.15.1, 0.15.2, 0.15.3, 0.15.4, 0.15.5, 0.15.6, 0.16.0, 0.17.0, 0.18.0, 0.19.0, 0.20.0, 0.20.1, 0.20.2, 0.21.0, 0.22.0, 0.23.0, 0.23.1, 0.24.0, 0.25.0, 0.26.0, 0.26.1, 0.26.2, 0.26.4, 0.27.0, 0.27.1, 0.27.2, 0.27.3, 0.28.0
99 silly fetchPackageMetaData
99 silly fetchPackageMetaData     at pickVersionFromRegistryDocument (/usr/local/lib/node_modules/npm/lib/fetch-package-metadata.js:158:16)
99 silly fetchPackageMetaData     at /usr/local/lib/node_modules/npm/node_modules/iferr/index.js:13:50
99 silly fetchPackageMetaData     at /usr/local/lib/node_modules/npm/lib/utils/pulse-till-done.js:20:8
99 silly fetchPackageMetaData     at saved (/usr/local/lib/node_modules/npm/lib/cache/caching-client.js:174:7)
99 silly fetchPackageMetaData     at /usr/local/lib/node_modules/npm/node_modules/graceful-fs/polyfills.js:261:18
99 silly fetchPackageMetaData     at FSReqWrap.oncomplete (fs.js:112:15) code: 'ETARGET' }
100 silly rollbackFailedOptional Starting
101 silly rollbackFailedOptional Finishing
102 silly runTopLevelLifecycles Finishing
103 silly install printInstalled
104 verbose stack Error: No compatible version found: css-loader@9.23.1
104 verbose stack Valid install targets:
104 verbose stack 0.1.0, 0.1.1, 0.1.2, 0.2.0, 0.2.1, 0.2.2, 0.2.3, 0.2.4, 0.5.0, 0.5.1, 0.5.2, 0.6.0, 0.6.1, 0.6.2, 0.6.3, 0.6.4, 0.6.5, 0.6.6, 0.6.7, 0.6.8, 0.6.9, 0.6.10, 0.6.11, 0.6.12, 0.7.0, 0.7.1, 0.8.0, 0.9.0, 0.9.1, 0.10.0, 0.10.1, 0.11.0, 0.11.1, 0.11.2, 0.12.0, 0.12.1, 0.13.0, 0.13.1, 0.14.0, 0.14.1, 0.14.2, 0.14.3, 0.14.4, 0.14.5, 0.15.0, 0.15.1, 0.15.2, 0.15.3, 0.15.4, 0.15.5, 0.15.6, 0.16.0, 0.17.0, 0.18.0, 0.19.0, 0.20.0, 0.20.1, 0.20.2, 0.21.0, 0.22.0, 0.23.0, 0.23.1, 0.24.0, 0.25.0, 0.26.0, 0.26.1, 0.26.2, 0.26.4, 0.27.0, 0.27.1, 0.27.2, 0.27.3, 0.28.0
104 verbose stack
104 verbose stack     at pickVersionFromRegistryDocument (/usr/local/lib/node_modules/npm/lib/fetch-package-metadata.js:158:16)
104 verbose stack     at /usr/local/lib/node_modules/npm/node_modules/iferr/index.js:13:50
104 verbose stack     at /usr/local/lib/node_modules/npm/lib/utils/pulse-till-done.js:20:8
104 verbose stack     at saved (/usr/local/lib/node_modules/npm/lib/cache/caching-client.js:174:7)
104 verbose stack     at /usr/local/lib/node_modules/npm/node_modules/graceful-fs/polyfills.js:261:18
104 verbose stack     at FSReqWrap.oncomplete (fs.js:112:15)
105 verbose cwd /Users/rs/Projects/react-udemy/react-weather
106 error Darwin 16.5.0
107 error argv "/usr/local/Cellar/node/7.5.0/bin/node" "/usr/local/bin/npm" "install" "css-loader@9.23.1" "script-loader@0.6.1" "style-loader@0.13.0" "jquery@2.2.1" "foundation-sites@6.2.0" "--save-dev"
108 error node v7.5.0
109 error npm  v4.1.2
110 error code ETARGET
111 error notarget No compatible version found: css-loader@9.23.1
111 error notarget Valid install targets:
111 error notarget 0.1.0, 0.1.1, 0.1.2, 0.2.0, 0.2.1, 0.2.2, 0.2.3, 0.2.4, 0.5.0, 0.5.1, 0.5.2, 0.6.0, 0.6.1, 0.6.2, 0.6.3, 0.6.4, 0.6.5, 0.6.6, 0.6.7, 0.6.8, 0.6.9, 0.6.10, 0.6.11, 0.6.12, 0.7.0, 0.7.1, 0.8.0, 0.9.0, 0.9.1, 0.10.0, 0.10.1, 0.11.0, 0.11.1, 0.11.2, 0.12.0, 0.12.1, 0.13.0, 0.13.1, 0.14.0, 0.14.1, 0.14.2, 0.14.3, 0.14.4, 0.14.5, 0.15.0, 0.15.1, 0.15.2, 0.15.3, 0.15.4, 0.15.5, 0.15.6, 0.16.0, 0.17.0, 0.18.0, 0.19.0, 0.20.0, 0.20.1, 0.20.2, 0.21.0, 0.22.0, 0.23.0, 0.23.1, 0.24.0, 0.25.0, 0.26.0, 0.26.1, 0.26.2, 0.26.4, 0.27.0, 0.27.1, 0.27.2, 0.27.3, 0.28.0
112 error notarget This is most likely not a problem with npm itself.
112 error notarget In most cases you or one of your dependencies are requesting
112 error notarget a package version that doesn't exist.
113 verbose exit [ 1, true ]
